[0.067s] DEBUG:colcon:Command line arguments: ['/usr/bin/colcon', 'build']
[0.067s] DEBUG:colcon:Parsed command line arguments: Namespace(log_base=None, log_level=None, verb_name='build', build_base='build', install_base='install', merge_install=False, symlink_install=False, test_result_base=None, continue_on_error=False, executor='parallel', parallel_workers=16, event_handlers=None, ignore_user_meta=False, metas=['./colcon.meta'], base_paths=['.'], packages_ignore=None, packages_ignore_regex=None, paths=None, packages_up_to=None, packages_up_to_regex=None, packages_above=None, packages_above_and_dependencies=None, packages_above_depth=None, packages_select_by_dep=None, packages_skip_by_dep=None, packages_skip_up_to=None, packages_select_build_failed=False, packages_skip_build_finished=False, packages_select_test_failures=False, packages_skip_test_passed=False, packages_select=None, packages_skip=None, packages_select_regex=None, packages_skip_regex=None, packages_start=None, packages_end=None, allow_overriding=[], cmake_args=None, cmake_target=None, cmake_target_skip_unavailable=False, cmake_clean_cache=False, cmake_clean_first=False, cmake_force_configure=False, ament_cmake_args=None, catkin_cmake_args=None, catkin_skip_building_tests=False, verb_parser=<colcon_defaults.argument_parser.defaults.DefaultArgumentsDecorator object at 0x74057cc6dc70>, verb_extension=<colcon_core.verb.build.BuildVerb object at 0x74057cda65d0>, main=<bound method BuildVerb.main of <colcon_core.verb.build.BuildVerb object at 0x74057cda65d0>>)
[0.095s] Level 1:colcon.colcon_core.package_discovery:discover_packages(colcon_meta) check parameters
[0.095s] Level 1:colcon.colcon_core.package_discovery:discover_packages(recursive) check parameters
[0.095s] Level 1:colcon.colcon_core.package_discovery:discover_packages(ignore) check parameters
[0.095s] Level 1:colcon.colcon_core.package_discovery:discover_packages(path) check parameters
[0.095s] Level 1:colcon.colcon_core.package_discovery:discover_packages(colcon_meta) discover
[0.095s] Level 1:colcon.colcon_core.package_discovery:discover_packages(recursive) discover
[0.095s] INFO:colcon.colcon_core.package_discovery:Crawling recursively for packages in '/home/kittifirst/teelek_cpp'
[0.095s] Level 1:colcon.colcon_core.package_identification:_identify(.) by extensions ['ignore', 'ignore_ament_install']
[0.095s] Level 1:colcon.colcon_core.package_identification:_identify(.) by extension 'ignore'
[0.095s] Level 1:colcon.colcon_core.package_identification:_identify(.) by extension 'ignore_ament_install'
[0.095s] Level 1:colcon.colcon_core.package_identification:_identify(.) by extensions ['colcon_pkg']
[0.095s] Level 1:colcon.colcon_core.package_identification:_identify(.) by extension 'colcon_pkg'
[0.095s] Level 1:colcon.colcon_core.package_identification:_identify(.) by extensions ['colcon_meta']
[0.095s] Level 1:colcon.colcon_core.package_identification:_identify(.) by extension 'colcon_meta'
[0.095s] Level 1:colcon.colcon_core.package_identification:_identify(.) by extensions ['ros']
[0.095s] Level 1:colcon.colcon_core.package_identification:_identify(.) by extension 'ros'
[0.112s] Level 1:colcon.colcon_core.package_identification:_identify(.) by extensions ['cmake', 'python']
[0.112s] Level 1:colcon.colcon_core.package_identification:_identify(.) by extension 'cmake'
[0.112s] Level 1:colcon.colcon_core.package_identification:_identify(.) by extension 'python'
[0.112s] Level 1:colcon.colcon_core.package_identification:_identify(.) by extensions ['python_setup_py']
[0.112s] Level 1:colcon.colcon_core.package_identification:_identify(.) by extension 'python_setup_py'
[0.112s] Level 1:colcon.colcon_core.package_identification:_identify(build) by extensions ['ignore', 'ignore_ament_install']
[0.112s] Level 1:colcon.colcon_core.package_identification:_identify(build) by extension 'ignore'
[0.112s] Level 1:colcon.colcon_core.package_identification:_identify(build) ignored
[0.112s] Level 1:colcon.colcon_core.package_identification:_identify(config) by extensions ['ignore', 'ignore_ament_install']
[0.112s] Level 1:colcon.colcon_core.package_identification:_identify(config) by extension 'ignore'
[0.112s] Level 1:colcon.colcon_core.package_identification:_identify(config) by extension 'ignore_ament_install'
[0.112s] Level 1:colcon.colcon_core.package_identification:_identify(config) by extensions ['colcon_pkg']
[0.112s] Level 1:colcon.colcon_core.package_identification:_identify(config) by extension 'colcon_pkg'
[0.112s] Level 1:colcon.colcon_core.package_identification:_identify(config) by extensions ['colcon_meta']
[0.112s] Level 1:colcon.colcon_core.package_identification:_identify(config) by extension 'colcon_meta'
[0.112s] Level 1:colcon.colcon_core.package_identification:_identify(config) by extensions ['ros']
[0.112s] Level 1:colcon.colcon_core.package_identification:_identify(config) by extension 'ros'
[0.112s] Level 1:colcon.colcon_core.package_identification:_identify(config) by extensions ['cmake', 'python']
[0.112s] Level 1:colcon.colcon_core.package_identification:_identify(config) by extension 'cmake'
[0.112s] Level 1:colcon.colcon_core.package_identification:_identify(config) by extension 'python'
[0.112s] Level 1:colcon.colcon_core.package_identification:_identify(config) by extensions ['python_setup_py']
[0.112s] Level 1:colcon.colcon_core.package_identification:_identify(config) by extension 'python_setup_py'
[0.112s] Level 1:colcon.colcon_core.package_identification:_identify(include) by extensions ['ignore', 'ignore_ament_install']
[0.112s] Level 1:colcon.colcon_core.package_identification:_identify(include) by extension 'ignore'
[0.113s] Level 1:colcon.colcon_core.package_identification:_identify(include) by extension 'ignore_ament_install'
[0.113s] Level 1:colcon.colcon_core.package_identification:_identify(include) by extensions ['colcon_pkg']
[0.113s] Level 1:colcon.colcon_core.package_identification:_identify(include) by extension 'colcon_pkg'
[0.113s] Level 1:colcon.colcon_core.package_identification:_identify(include) by extensions ['colcon_meta']
[0.113s] Level 1:colcon.colcon_core.package_identification:_identify(include) by extension 'colcon_meta'
[0.113s] Level 1:colcon.colcon_core.package_identification:_identify(include) by extensions ['ros']
[0.113s] Level 1:colcon.colcon_core.package_identification:_identify(include) by extension 'ros'
[0.113s] Level 1:colcon.colcon_core.package_identification:_identify(include) by extensions ['cmake', 'python']
[0.113s] Level 1:colcon.colcon_core.package_identification:_identify(include) by extension 'cmake'
[0.113s] Level 1:colcon.colcon_core.package_identification:_identify(include) by extension 'python'
[0.113s] Level 1:colcon.colcon_core.package_identification:_identify(include) by extensions ['python_setup_py']
[0.113s] Level 1:colcon.colcon_core.package_identification:_identify(include) by extension 'python_setup_py'
[0.113s] Level 1:colcon.colcon_core.package_identification:_identify(install) by extensions ['ignore', 'ignore_ament_install']
[0.113s] Level 1:colcon.colcon_core.package_identification:_identify(install) by extension 'ignore'
[0.113s] Level 1:colcon.colcon_core.package_identification:_identify(install) ignored
[0.113s] Level 1:colcon.colcon_core.package_identification:_identify(lib) by extensions ['ignore', 'ignore_ament_install']
[0.113s] Level 1:colcon.colcon_core.package_identification:_identify(lib) by extension 'ignore'
[0.113s] Level 1:colcon.colcon_core.package_identification:_identify(lib) by extension 'ignore_ament_install'
[0.113s] Level 1:colcon.colcon_core.package_identification:_identify(lib) by extensions ['colcon_pkg']
[0.113s] Level 1:colcon.colcon_core.package_identification:_identify(lib) by extension 'colcon_pkg'
[0.113s] Level 1:colcon.colcon_core.package_identification:_identify(lib) by extensions ['colcon_meta']
[0.113s] Level 1:colcon.colcon_core.package_identification:_identify(lib) by extension 'colcon_meta'
[0.113s] Level 1:colcon.colcon_core.package_identification:_identify(lib) by extensions ['ros']
[0.113s] Level 1:colcon.colcon_core.package_identification:_identify(lib) by extension 'ros'
[0.113s] Level 1:colcon.colcon_core.package_identification:_identify(lib) by extensions ['cmake', 'python']
[0.113s] Level 1:colcon.colcon_core.package_identification:_identify(lib) by extension 'cmake'
[0.113s] Level 1:colcon.colcon_core.package_identification:_identify(lib) by extension 'python'
[0.113s] Level 1:colcon.colcon_core.package_identification:_identify(lib) by extensions ['python_setup_py']
[0.113s] Level 1:colcon.colcon_core.package_identification:_identify(lib) by extension 'python_setup_py'
[0.113s] Level 1:colcon.colcon_core.package_identification:_identify(lib/Encoder) by extensions ['ignore', 'ignore_ament_install']
[0.113s] Level 1:colcon.colcon_core.package_identification:_identify(lib/Encoder) by extension 'ignore'
[0.113s] Level 1:colcon.colcon_core.package_identification:_identify(lib/Encoder) by extension 'ignore_ament_install'
[0.113s] Level 1:colcon.colcon_core.package_identification:_identify(lib/Encoder) by extensions ['colcon_pkg']
[0.114s] Level 1:colcon.colcon_core.package_identification:_identify(lib/Encoder) by extension 'colcon_pkg'
[0.114s] Level 1:colcon.colcon_core.package_identification:_identify(lib/Encoder) by extensions ['colcon_meta']
[0.114s] Level 1:colcon.colcon_core.package_identification:_identify(lib/Encoder) by extension 'colcon_meta'
[0.114s] Level 1:colcon.colcon_core.package_identification:_identify(lib/Encoder) by extensions ['ros']
[0.114s] Level 1:colcon.colcon_core.package_identification:_identify(lib/Encoder) by extension 'ros'
[0.114s] Level 1:colcon.colcon_core.package_identification:_identify(lib/Encoder) by extensions ['cmake', 'python']
[0.114s] Level 1:colcon.colcon_core.package_identification:_identify(lib/Encoder) by extension 'cmake'
[0.114s] Level 1:colcon.colcon_core.package_identification:_identify(lib/Encoder) by extension 'python'
[0.114s] Level 1:colcon.colcon_core.package_identification:_identify(lib/Encoder) by extensions ['python_setup_py']
[0.114s] Level 1:colcon.colcon_core.package_identification:_identify(lib/Encoder) by extension 'python_setup_py'
[0.114s] Level 1:colcon.colcon_core.package_identification:_identify(lib/Encoder/docs) by extensions ['ignore', 'ignore_ament_install']
[0.114s] Level 1:colcon.colcon_core.package_identification:_identify(lib/Encoder/docs) by extension 'ignore'
[0.114s] Level 1:colcon.colcon_core.package_identification:_identify(lib/Encoder/docs) by extension 'ignore_ament_install'
[0.114s] Level 1:colcon.colcon_core.package_identification:_identify(lib/Encoder/docs) by extensions ['colcon_pkg']
[0.114s] Level 1:colcon.colcon_core.package_identification:_identify(lib/Encoder/docs) by extension 'colcon_pkg'
[0.114s] Level 1:colcon.colcon_core.package_identification:_identify(lib/Encoder/docs) by extensions ['colcon_meta']
[0.114s] Level 1:colcon.colcon_core.package_identification:_identify(lib/Encoder/docs) by extension 'colcon_meta'
[0.114s] Level 1:colcon.colcon_core.package_identification:_identify(lib/Encoder/docs) by extensions ['ros']
[0.114s] Level 1:colcon.colcon_core.package_identification:_identify(lib/Encoder/docs) by extension 'ros'
[0.114s] Level 1:colcon.colcon_core.package_identification:_identify(lib/Encoder/docs) by extensions ['cmake', 'python']
[0.114s] Level 1:colcon.colcon_core.package_identification:_identify(lib/Encoder/docs) by extension 'cmake'
[0.114s] Level 1:colcon.colcon_core.package_identification:_identify(lib/Encoder/docs) by extension 'python'
[0.114s] Level 1:colcon.colcon_core.package_identification:_identify(lib/Encoder/docs) by extensions ['python_setup_py']
[0.114s] Level 1:colcon.colcon_core.package_identification:_identify(lib/Encoder/docs) by extension 'python_setup_py'
[0.114s] Level 1:colcon.colcon_core.package_identification:_identify(lib/Encoder/examples) by extensions ['ignore', 'ignore_ament_install']
[0.114s] Level 1:colcon.colcon_core.package_identification:_identify(lib/Encoder/examples) by extension 'ignore'
[0.114s] Level 1:colcon.colcon_core.package_identification:_identify(lib/Encoder/examples) by extension 'ignore_ament_install'
[0.114s] Level 1:colcon.colcon_core.package_identification:_identify(lib/Encoder/examples) by extensions ['colcon_pkg']
[0.114s] Level 1:colcon.colcon_core.package_identification:_identify(lib/Encoder/examples) by extension 'colcon_pkg'
[0.114s] Level 1:colcon.colcon_core.package_identification:_identify(lib/Encoder/examples) by extensions ['colcon_meta']
[0.114s] Level 1:colcon.colcon_core.package_identification:_identify(lib/Encoder/examples) by extension 'colcon_meta'
[0.114s] Level 1:colcon.colcon_core.package_identification:_identify(lib/Encoder/examples) by extensions ['ros']
[0.114s] Level 1:colcon.colcon_core.package_identification:_identify(lib/Encoder/examples) by extension 'ros'
[0.114s] Level 1:colcon.colcon_core.package_identification:_identify(lib/Encoder/examples) by extensions ['cmake', 'python']
[0.114s] Level 1:colcon.colcon_core.package_identification:_identify(lib/Encoder/examples) by extension 'cmake'
[0.114s] Level 1:colcon.colcon_core.package_identification:_identify(lib/Encoder/examples) by extension 'python'
[0.115s] Level 1:colcon.colcon_core.package_identification:_identify(lib/Encoder/examples) by extensions ['python_setup_py']
[0.115s] Level 1:colcon.colcon_core.package_identification:_identify(lib/Encoder/examples) by extension 'python_setup_py'
[0.115s] Level 1:colcon.colcon_core.package_identification:_identify(lib/Encoder/examples/Basic) by extensions ['ignore', 'ignore_ament_install']
[0.115s] Level 1:colcon.colcon_core.package_identification:_identify(lib/Encoder/examples/Basic) by extension 'ignore'
[0.115s] Level 1:colcon.colcon_core.package_identification:_identify(lib/Encoder/examples/Basic) by extension 'ignore_ament_install'
[0.115s] Level 1:colcon.colcon_core.package_identification:_identify(lib/Encoder/examples/Basic) by extensions ['colcon_pkg']
[0.115s] Level 1:colcon.colcon_core.package_identification:_identify(lib/Encoder/examples/Basic) by extension 'colcon_pkg'
[0.115s] Level 1:colcon.colcon_core.package_identification:_identify(lib/Encoder/examples/Basic) by extensions ['colcon_meta']
[0.115s] Level 1:colcon.colcon_core.package_identification:_identify(lib/Encoder/examples/Basic) by extension 'colcon_meta'
[0.115s] Level 1:colcon.colcon_core.package_identification:_identify(lib/Encoder/examples/Basic) by extensions ['ros']
[0.115s] Level 1:colcon.colcon_core.package_identification:_identify(lib/Encoder/examples/Basic) by extension 'ros'
[0.115s] Level 1:colcon.colcon_core.package_identification:_identify(lib/Encoder/examples/Basic) by extensions ['cmake', 'python']
[0.115s] Level 1:colcon.colcon_core.package_identification:_identify(lib/Encoder/examples/Basic) by extension 'cmake'
[0.115s] Level 1:colcon.colcon_core.package_identification:_identify(lib/Encoder/examples/Basic) by extension 'python'
[0.115s] Level 1:colcon.colcon_core.package_identification:_identify(lib/Encoder/examples/Basic) by extensions ['python_setup_py']
[0.115s] Level 1:colcon.colcon_core.package_identification:_identify(lib/Encoder/examples/Basic) by extension 'python_setup_py'
[0.115s] Level 1:colcon.colcon_core.package_identification:_identify(lib/Encoder/examples/NoInterrupts) by extensions ['ignore', 'ignore_ament_install']
[0.115s] Level 1:colcon.colcon_core.package_identification:_identify(lib/Encoder/examples/NoInterrupts) by extension 'ignore'
[0.115s] Level 1:colcon.colcon_core.package_identification:_identify(lib/Encoder/examples/NoInterrupts) by extension 'ignore_ament_install'
[0.115s] Level 1:colcon.colcon_core.package_identification:_identify(lib/Encoder/examples/NoInterrupts) by extensions ['colcon_pkg']
[0.115s] Level 1:colcon.colcon_core.package_identification:_identify(lib/Encoder/examples/NoInterrupts) by extension 'colcon_pkg'
[0.115s] Level 1:colcon.colcon_core.package_identification:_identify(lib/Encoder/examples/NoInterrupts) by extensions ['colcon_meta']
[0.115s] Level 1:colcon.colcon_core.package_identification:_identify(lib/Encoder/examples/NoInterrupts) by extension 'colcon_meta'
[0.115s] Level 1:colcon.colcon_core.package_identification:_identify(lib/Encoder/examples/NoInterrupts) by extensions ['ros']
[0.115s] Level 1:colcon.colcon_core.package_identification:_identify(lib/Encoder/examples/NoInterrupts) by extension 'ros'
[0.115s] Level 1:colcon.colcon_core.package_identification:_identify(lib/Encoder/examples/NoInterrupts) by extensions ['cmake', 'python']
[0.115s] Level 1:colcon.colcon_core.package_identification:_identify(lib/Encoder/examples/NoInterrupts) by extension 'cmake'
[0.115s] Level 1:colcon.colcon_core.package_identification:_identify(lib/Encoder/examples/NoInterrupts) by extension 'python'
[0.115s] Level 1:colcon.colcon_core.package_identification:_identify(lib/Encoder/examples/NoInterrupts) by extensions ['python_setup_py']
[0.115s] Level 1:colcon.colcon_core.package_identification:_identify(lib/Encoder/examples/NoInterrupts) by extension 'python_setup_py'
[0.115s] Level 1:colcon.colcon_core.package_identification:_identify(lib/Encoder/examples/SpeedTest) by extensions ['ignore', 'ignore_ament_install']
[0.115s] Level 1:colcon.colcon_core.package_identification:_identify(lib/Encoder/examples/SpeedTest) by extension 'ignore'
[0.116s] Level 1:colcon.colcon_core.package_identification:_identify(lib/Encoder/examples/SpeedTest) by extension 'ignore_ament_install'
[0.116s] Level 1:colcon.colcon_core.package_identification:_identify(lib/Encoder/examples/SpeedTest) by extensions ['colcon_pkg']
[0.116s] Level 1:colcon.colcon_core.package_identification:_identify(lib/Encoder/examples/SpeedTest) by extension 'colcon_pkg'
[0.116s] Level 1:colcon.colcon_core.package_identification:_identify(lib/Encoder/examples/SpeedTest) by extensions ['colcon_meta']
[0.116s] Level 1:colcon.colcon_core.package_identification:_identify(lib/Encoder/examples/SpeedTest) by extension 'colcon_meta'
[0.116s] Level 1:colcon.colcon_core.package_identification:_identify(lib/Encoder/examples/SpeedTest) by extensions ['ros']
[0.116s] Level 1:colcon.colcon_core.package_identification:_identify(lib/Encoder/examples/SpeedTest) by extension 'ros'
[0.116s] Level 1:colcon.colcon_core.package_identification:_identify(lib/Encoder/examples/SpeedTest) by extensions ['cmake', 'python']
[0.116s] Level 1:colcon.colcon_core.package_identification:_identify(lib/Encoder/examples/SpeedTest) by extension 'cmake'
[0.116s] Level 1:colcon.colcon_core.package_identification:_identify(lib/Encoder/examples/SpeedTest) by extension 'python'
[0.116s] Level 1:colcon.colcon_core.package_identification:_identify(lib/Encoder/examples/SpeedTest) by extensions ['python_setup_py']
[0.116s] Level 1:colcon.colcon_core.package_identification:_identify(lib/Encoder/examples/SpeedTest) by extension 'python_setup_py'
[0.116s] Level 1:colcon.colcon_core.package_identification:_identify(lib/Encoder/examples/TwoKnobs) by extensions ['ignore', 'ignore_ament_install']
[0.116s] Level 1:colcon.colcon_core.package_identification:_identify(lib/Encoder/examples/TwoKnobs) by extension 'ignore'
[0.116s] Level 1:colcon.colcon_core.package_identification:_identify(lib/Encoder/examples/TwoKnobs) by extension 'ignore_ament_install'
[0.116s] Level 1:colcon.colcon_core.package_identification:_identify(lib/Encoder/examples/TwoKnobs) by extensions ['colcon_pkg']
[0.116s] Level 1:colcon.colcon_core.package_identification:_identify(lib/Encoder/examples/TwoKnobs) by extension 'colcon_pkg'
[0.116s] Level 1:colcon.colcon_core.package_identification:_identify(lib/Encoder/examples/TwoKnobs) by extensions ['colcon_meta']
[0.116s] Level 1:colcon.colcon_core.package_identification:_identify(lib/Encoder/examples/TwoKnobs) by extension 'colcon_meta'
[0.116s] Level 1:colcon.colcon_core.package_identification:_identify(lib/Encoder/examples/TwoKnobs) by extensions ['ros']
[0.116s] Level 1:colcon.colcon_core.package_identification:_identify(lib/Encoder/examples/TwoKnobs) by extension 'ros'
[0.116s] Level 1:colcon.colcon_core.package_identification:_identify(lib/Encoder/examples/TwoKnobs) by extensions ['cmake', 'python']
[0.116s] Level 1:colcon.colcon_core.package_identification:_identify(lib/Encoder/examples/TwoKnobs) by extension 'cmake'
[0.116s] Level 1:colcon.colcon_core.package_identification:_identify(lib/Encoder/examples/TwoKnobs) by extension 'python'
[0.116s] Level 1:colcon.colcon_core.package_identification:_identify(lib/Encoder/examples/TwoKnobs) by extensions ['python_setup_py']
[0.116s] Level 1:colcon.colcon_core.package_identification:_identify(lib/Encoder/examples/TwoKnobs) by extension 'python_setup_py'
[0.116s] Level 1:colcon.colcon_core.package_identification:_identify(lib/Encoder/utility) by extensions ['ignore', 'ignore_ament_install']
[0.116s] Level 1:colcon.colcon_core.package_identification:_identify(lib/Encoder/utility) by extension 'ignore'
[0.116s] Level 1:colcon.colcon_core.package_identification:_identify(lib/Encoder/utility) by extension 'ignore_ament_install'
[0.116s] Level 1:colcon.colcon_core.package_identification:_identify(lib/Encoder/utility) by extensions ['colcon_pkg']
[0.116s] Level 1:colcon.colcon_core.package_identification:_identify(lib/Encoder/utility) by extension 'colcon_pkg'
[0.116s] Level 1:colcon.colcon_core.package_identification:_identify(lib/Encoder/utility) by extensions ['colcon_meta']
[0.116s] Level 1:colcon.colcon_core.package_identification:_identify(lib/Encoder/utility) by extension 'colcon_meta'
[0.116s] Level 1:colcon.colcon_core.package_identification:_identify(lib/Encoder/utility) by extensions ['ros']
[0.116s] Level 1:colcon.colcon_core.package_identification:_identify(lib/Encoder/utility) by extension 'ros'
[0.117s] Level 1:colcon.colcon_core.package_identification:_identify(lib/Encoder/utility) by extensions ['cmake', 'python']
[0.117s] Level 1:colcon.colcon_core.package_identification:_identify(lib/Encoder/utility) by extension 'cmake'
[0.117s] Level 1:colcon.colcon_core.package_identification:_identify(lib/Encoder/utility) by extension 'python'
[0.117s] Level 1:colcon.colcon_core.package_identification:_identify(lib/Encoder/utility) by extensions ['python_setup_py']
[0.117s] Level 1:colcon.colcon_core.package_identification:_identify(lib/Encoder/utility) by extension 'python_setup_py'
[0.117s] Level 1:colcon.colcon_core.package_identification:_identify(lib/PIDF) by extensions ['ignore', 'ignore_ament_install']
[0.117s] Level 1:colcon.colcon_core.package_identification:_identify(lib/PIDF) by extension 'ignore'
[0.117s] Level 1:colcon.colcon_core.package_identification:_identify(lib/PIDF) by extension 'ignore_ament_install'
[0.117s] Level 1:colcon.colcon_core.package_identification:_identify(lib/PIDF) by extensions ['colcon_pkg']
[0.117s] Level 1:colcon.colcon_core.package_identification:_identify(lib/PIDF) by extension 'colcon_pkg'
[0.117s] Level 1:colcon.colcon_core.package_identification:_identify(lib/PIDF) by extensions ['colcon_meta']
[0.117s] Level 1:colcon.colcon_core.package_identification:_identify(lib/PIDF) by extension 'colcon_meta'
[0.117s] Level 1:colcon.colcon_core.package_identification:_identify(lib/PIDF) by extensions ['ros']
[0.117s] Level 1:colcon.colcon_core.package_identification:_identify(lib/PIDF) by extension 'ros'
[0.117s] Level 1:colcon.colcon_core.package_identification:_identify(lib/PIDF) by extensions ['cmake', 'python']
[0.117s] Level 1:colcon.colcon_core.package_identification:_identify(lib/PIDF) by extension 'cmake'
[0.117s] Level 1:colcon.colcon_core.package_identification:_identify(lib/PIDF) by extension 'python'
[0.117s] Level 1:colcon.colcon_core.package_identification:_identify(lib/PIDF) by extensions ['python_setup_py']
[0.117s] Level 1:colcon.colcon_core.package_identification:_identify(lib/PIDF) by extension 'python_setup_py'
[0.117s] Level 1:colcon.colcon_core.package_identification:_identify(lib/TCA9548A) by extensions ['ignore', 'ignore_ament_install']
[0.117s] Level 1:colcon.colcon_core.package_identification:_identify(lib/TCA9548A) by extension 'ignore'
[0.117s] Level 1:colcon.colcon_core.package_identification:_identify(lib/TCA9548A) by extension 'ignore_ament_install'
[0.117s] Level 1:colcon.colcon_core.package_identification:_identify(lib/TCA9548A) by extensions ['colcon_pkg']
[0.117s] Level 1:colcon.colcon_core.package_identification:_identify(lib/TCA9548A) by extension 'colcon_pkg'
[0.117s] Level 1:colcon.colcon_core.package_identification:_identify(lib/TCA9548A) by extensions ['colcon_meta']
[0.117s] Level 1:colcon.colcon_core.package_identification:_identify(lib/TCA9548A) by extension 'colcon_meta'
[0.117s] Level 1:colcon.colcon_core.package_identification:_identify(lib/TCA9548A) by extensions ['ros']
[0.117s] Level 1:colcon.colcon_core.package_identification:_identify(lib/TCA9548A) by extension 'ros'
[0.117s] Level 1:colcon.colcon_core.package_identification:_identify(lib/TCA9548A) by extensions ['cmake', 'python']
[0.117s] Level 1:colcon.colcon_core.package_identification:_identify(lib/TCA9548A) by extension 'cmake'
[0.117s] Level 1:colcon.colcon_core.package_identification:_identify(lib/TCA9548A) by extension 'python'
[0.117s] Level 1:colcon.colcon_core.package_identification:_identify(lib/TCA9548A) by extensions ['python_setup_py']
[0.117s] Level 1:colcon.colcon_core.package_identification:_identify(lib/TCA9548A) by extension 'python_setup_py'
[0.117s] Level 1:colcon.colcon_core.package_identification:_identify(lib/Utilize) by extensions ['ignore', 'ignore_ament_install']
[0.117s] Level 1:colcon.colcon_core.package_identification:_identify(lib/Utilize) by extension 'ignore'
[0.118s] Level 1:colcon.colcon_core.package_identification:_identify(lib/Utilize) by extension 'ignore_ament_install'
[0.118s] Level 1:colcon.colcon_core.package_identification:_identify(lib/Utilize) by extensions ['colcon_pkg']
[0.118s] Level 1:colcon.colcon_core.package_identification:_identify(lib/Utilize) by extension 'colcon_pkg'
[0.118s] Level 1:colcon.colcon_core.package_identification:_identify(lib/Utilize) by extensions ['colcon_meta']
[0.118s] Level 1:colcon.colcon_core.package_identification:_identify(lib/Utilize) by extension 'colcon_meta'
[0.118s] Level 1:colcon.colcon_core.package_identification:_identify(lib/Utilize) by extensions ['ros']
[0.118s] Level 1:colcon.colcon_core.package_identification:_identify(lib/Utilize) by extension 'ros'
[0.118s] Level 1:colcon.colcon_core.package_identification:_identify(lib/Utilize) by extensions ['cmake', 'python']
[0.118s] Level 1:colcon.colcon_core.package_identification:_identify(lib/Utilize) by extension 'cmake'
[0.118s] Level 1:colcon.colcon_core.package_identification:_identify(lib/Utilize) by extension 'python'
[0.118s] Level 1:colcon.colcon_core.package_identification:_identify(lib/Utilize) by extensions ['python_setup_py']
[0.118s] Level 1:colcon.colcon_core.package_identification:_identify(lib/Utilize) by extension 'python_setup_py'
[0.118s] Level 1:colcon.colcon_core.package_identification:_identify(lib/esp32_Encoder) by extensions ['ignore', 'ignore_ament_install']
[0.118s] Level 1:colcon.colcon_core.package_identification:_identify(lib/esp32_Encoder) by extension 'ignore'
[0.118s] Level 1:colcon.colcon_core.package_identification:_identify(lib/esp32_Encoder) by extension 'ignore_ament_install'
[0.118s] Level 1:colcon.colcon_core.package_identification:_identify(lib/esp32_Encoder) by extensions ['colcon_pkg']
[0.118s] Level 1:colcon.colcon_core.package_identification:_identify(lib/esp32_Encoder) by extension 'colcon_pkg'
[0.118s] Level 1:colcon.colcon_core.package_identification:_identify(lib/esp32_Encoder) by extensions ['colcon_meta']
[0.118s] Level 1:colcon.colcon_core.package_identification:_identify(lib/esp32_Encoder) by extension 'colcon_meta'
[0.118s] Level 1:colcon.colcon_core.package_identification:_identify(lib/esp32_Encoder) by extensions ['ros']
[0.118s] Level 1:colcon.colcon_core.package_identification:_identify(lib/esp32_Encoder) by extension 'ros'
[0.118s] Level 1:colcon.colcon_core.package_identification:_identify(lib/esp32_Encoder) by extensions ['cmake', 'python']
[0.118s] Level 1:colcon.colcon_core.package_identification:_identify(lib/esp32_Encoder) by extension 'cmake'
[0.118s] Level 1:colcon.colcon_core.package_identification:_identify(lib/esp32_Encoder) by extension 'python'
[0.118s] Level 1:colcon.colcon_core.package_identification:_identify(lib/esp32_Encoder) by extensions ['python_setup_py']
[0.118s] Level 1:colcon.colcon_core.package_identification:_identify(lib/esp32_Encoder) by extension 'python_setup_py'
[0.118s] Level 1:colcon.colcon_core.package_identification:_identify(lib/imu) by extensions ['ignore', 'ignore_ament_install']
[0.118s] Level 1:colcon.colcon_core.package_identification:_identify(lib/imu) by extension 'ignore'
[0.118s] Level 1:colcon.colcon_core.package_identification:_identify(lib/imu) by extension 'ignore_ament_install'
[0.118s] Level 1:colcon.colcon_core.package_identification:_identify(lib/imu) by extensions ['colcon_pkg']
[0.118s] Level 1:colcon.colcon_core.package_identification:_identify(lib/imu) by extension 'colcon_pkg'
[0.118s] Level 1:colcon.colcon_core.package_identification:_identify(lib/imu) by extensions ['colcon_meta']
[0.118s] Level 1:colcon.colcon_core.package_identification:_identify(lib/imu) by extension 'colcon_meta'
[0.118s] Level 1:colcon.colcon_core.package_identification:_identify(lib/imu) by extensions ['ros']
[0.118s] Level 1:colcon.colcon_core.package_identification:_identify(lib/imu) by extension 'ros'
[0.119s] Level 1:colcon.colcon_core.package_identification:_identify(lib/imu) by extensions ['cmake', 'python']
[0.119s] Level 1:colcon.colcon_core.package_identification:_identify(lib/imu) by extension 'cmake'
[0.119s] Level 1:colcon.colcon_core.package_identification:_identify(lib/imu) by extension 'python'
[0.119s] Level 1:colcon.colcon_core.package_identification:_identify(lib/imu) by extensions ['python_setup_py']
[0.119s] Level 1:colcon.colcon_core.package_identification:_identify(lib/imu) by extension 'python_setup_py'
[0.119s] Level 1:colcon.colcon_core.package_identification:_identify(lib/motor) by extensions ['ignore', 'ignore_ament_install']
[0.119s] Level 1:colcon.colcon_core.package_identification:_identify(lib/motor) by extension 'ignore'
[0.119s] Level 1:colcon.colcon_core.package_identification:_identify(lib/motor) by extension 'ignore_ament_install'
[0.119s] Level 1:colcon.colcon_core.package_identification:_identify(lib/motor) by extensions ['colcon_pkg']
[0.119s] Level 1:colcon.colcon_core.package_identification:_identify(lib/motor) by extension 'colcon_pkg'
[0.119s] Level 1:colcon.colcon_core.package_identification:_identify(lib/motor) by extensions ['colcon_meta']
[0.119s] Level 1:colcon.colcon_core.package_identification:_identify(lib/motor) by extension 'colcon_meta'
[0.119s] Level 1:colcon.colcon_core.package_identification:_identify(lib/motor) by extensions ['ros']
[0.119s] Level 1:colcon.colcon_core.package_identification:_identify(lib/motor) by extension 'ros'
[0.119s] Level 1:colcon.colcon_core.package_identification:_identify(lib/motor) by extensions ['cmake', 'python']
[0.119s] Level 1:colcon.colcon_core.package_identification:_identify(lib/motor) by extension 'cmake'
[0.119s] Level 1:colcon.colcon_core.package_identification:_identify(lib/motor) by extension 'python'
[0.119s] Level 1:colcon.colcon_core.package_identification:_identify(lib/motor) by extensions ['python_setup_py']
[0.119s] Level 1:colcon.colcon_core.package_identification:_identify(lib/motor) by extension 'python_setup_py'
[0.119s] Level 1:colcon.colcon_core.package_identification:_identify(log) by extensions ['ignore', 'ignore_ament_install']
[0.119s] Level 1:colcon.colcon_core.package_identification:_identify(log) by extension 'ignore'
[0.119s] Level 1:colcon.colcon_core.package_identification:_identify(log) ignored
[0.119s] Level 1:colcon.colcon_core.package_identification:_identify(src) by extensions ['ignore', 'ignore_ament_install']
[0.119s] Level 1:colcon.colcon_core.package_identification:_identify(src) by extension 'ignore'
[0.119s] Level 1:colcon.colcon_core.package_identification:_identify(src) by extension 'ignore_ament_install'
[0.119s] Level 1:colcon.colcon_core.package_identification:_identify(src) by extensions ['colcon_pkg']
[0.119s] Level 1:colcon.colcon_core.package_identification:_identify(src) by extension 'colcon_pkg'
[0.119s] Level 1:colcon.colcon_core.package_identification:_identify(src) by extensions ['colcon_meta']
[0.119s] Level 1:colcon.colcon_core.package_identification:_identify(src) by extension 'colcon_meta'
[0.119s] Level 1:colcon.colcon_core.package_identification:_identify(src) by extensions ['ros']
[0.119s] Level 1:colcon.colcon_core.package_identification:_identify(src) by extension 'ros'
[0.119s] Level 1:colcon.colcon_core.package_identification:_identify(src) by extensions ['cmake', 'python']
[0.119s] Level 1:colcon.colcon_core.package_identification:_identify(src) by extension 'cmake'
[0.119s] Level 1:colcon.colcon_core.package_identification:_identify(src) by extension 'python'
[0.120s] Level 1:colcon.colcon_core.package_identification:_identify(src) by extensions ['python_setup_py']
[0.120s] Level 1:colcon.colcon_core.package_identification:_identify(src) by extension 'python_setup_py'
[0.120s] Level 1:colcon.colcon_core.package_identification:_identify(test) by extensions ['ignore', 'ignore_ament_install']
[0.120s] Level 1:colcon.colcon_core.package_identification:_identify(test) by extension 'ignore'
[0.120s] Level 1:colcon.colcon_core.package_identification:_identify(test) by extension 'ignore_ament_install'
[0.120s] Level 1:colcon.colcon_core.package_identification:_identify(test) by extensions ['colcon_pkg']
[0.120s] Level 1:colcon.colcon_core.package_identification:_identify(test) by extension 'colcon_pkg'
[0.120s] Level 1:colcon.colcon_core.package_identification:_identify(test) by extensions ['colcon_meta']
[0.120s] Level 1:colcon.colcon_core.package_identification:_identify(test) by extension 'colcon_meta'
[0.120s] Level 1:colcon.colcon_core.package_identification:_identify(test) by extensions ['ros']
[0.120s] Level 1:colcon.colcon_core.package_identification:_identify(test) by extension 'ros'
[0.120s] Level 1:colcon.colcon_core.package_identification:_identify(test) by extensions ['cmake', 'python']
[0.120s] Level 1:colcon.colcon_core.package_identification:_identify(test) by extension 'cmake'
[0.120s] Level 1:colcon.colcon_core.package_identification:_identify(test) by extension 'python'
[0.120s] Level 1:colcon.colcon_core.package_identification:_identify(test) by extensions ['python_setup_py']
[0.120s] Level 1:colcon.colcon_core.package_identification:_identify(test) by extension 'python_setup_py'
[0.120s] Level 1:colcon.colcon_core.package_discovery:discover_packages(recursive) using defaults
[0.120s] Level 1:colcon.colcon_core.package_discovery:discover_packages(ignore) discover
[0.120s] Level 1:colcon.colcon_core.package_discovery:discover_packages(ignore) using defaults
[0.120s] Level 1:colcon.colcon_core.package_discovery:discover_packages(path) discover
[0.120s] Level 1:colcon.colcon_core.package_discovery:discover_packages(path) using defaults
[0.132s] Level 1:colcon.colcon_core.package_discovery:discover_packages(prefix_path) check parameters
[0.132s] Level 1:colcon.colcon_core.package_discovery:discover_packages(prefix_path) discover
[0.133s] DEBUG:colcon.colcon_installed_package_information.package_discovery:Found 1 installed packages in /home/kittifirst/teelek_rb/teelek_ws/install
[0.133s] DEBUG:colcon.colcon_installed_package_information.package_discovery:Found 3 installed packages in /home/kittifirst/uros_ws/install
[0.134s] DEBUG:colcon.colcon_installed_package_information.package_discovery:Found 285 installed packages in /opt/ros/jazzy
[0.135s] Level 1:colcon.colcon_core.package_discovery:discover_packages(prefix_path) using defaults
[0.164s] INFO:colcon.colcon_core.executor:Executing jobs using 'parallel' executor
[0.165s] DEBUG:colcon.colcon_parallel_executor.executor.parallel:run_until_complete
[0.165s] DEBUG:colcon.colcon_parallel_executor.executor.parallel:closing loop
[0.165s] DEBUG:colcon.colcon_parallel_executor.executor.parallel:loop closed
[0.165s] DEBUG:colcon.colcon_parallel_executor.executor.parallel:run_until_complete finished with '0'
[0.165s] DEBUG:colcon.colcon_core.event_reactor:joining thread
[0.169s] INFO:colcon.colcon_core.plugin_system:Skipping extension 'colcon_notification.desktop_notification.terminal_notifier': Not used on non-Darwin systems
[0.169s] INFO:colcon.colcon_core.plugin_system:Skipping extension 'colcon_notification.desktop_notification.win32': Not used on non-Windows systems
[0.169s] INFO:colcon.colcon_notification.desktop_notification:Sending desktop notification using 'notify2'
[0.179s] DEBUG:colcon.colcon_core.event_reactor:joined thread
[0.180s] INFO:colcon.colcon_core.plugin_system:Skipping extension 'colcon_core.shell.bat': Not used on non-Windows systems
[0.181s] INFO:colcon.colcon_core.shell:Creating prefix script '/home/kittifirst/teelek_cpp/install/local_setup.ps1'
[0.181s] INFO:colcon.colcon_core.shell:Creating prefix util module '/home/kittifirst/teelek_cpp/install/_local_setup_util_ps1.py'
[0.182s] INFO:colcon.colcon_core.shell:Creating prefix chain script '/home/kittifirst/teelek_cpp/install/setup.ps1'
[0.183s] INFO:colcon.colcon_core.shell:Creating prefix script '/home/kittifirst/teelek_cpp/install/local_setup.sh'
[0.183s] INFO:colcon.colcon_core.shell:Creating prefix util module '/home/kittifirst/teelek_cpp/install/_local_setup_util_sh.py'
[0.183s] INFO:colcon.colcon_core.shell:Creating prefix chain script '/home/kittifirst/teelek_cpp/install/setup.sh'
[0.184s] INFO:colcon.colcon_core.shell:Creating prefix script '/home/kittifirst/teelek_cpp/install/local_setup.bash'
[0.184s] INFO:colcon.colcon_core.shell:Creating prefix chain script '/home/kittifirst/teelek_cpp/install/setup.bash'
[0.185s] INFO:colcon.colcon_core.shell:Creating prefix script '/home/kittifirst/teelek_cpp/install/local_setup.zsh'
[0.185s] INFO:colcon.colcon_core.shell:Creating prefix chain script '/home/kittifirst/teelek_cpp/install/setup.zsh'
